old/app/build/outputs/logs/manifest-merger-release-report.txt
-- Merging decision tree log ---
manifest
ADDED from AndroidManifest.xml:2:1
	package
		ADDED from AndroidManifest.xml:3:5
		INJECTED from AndroidManifest.xml:0:0
		INJECTED from AndroidManifest.xml:0:0
	android:versionName
		ADDED from AndroidManifest.xml:5:5
	android:versionCode
		ADDED from AndroidManifest.xml:4:5
		INJECTED from AndroidManifest.xml:0:0
		INJECTED from AndroidManifest.xml:0:0
	xmlns:android
		ADDED from AndroidManifest.xml:2:11
	android:installLocation
		ADDED from AndroidManifest.xml:5:31
uses-sdk
ADDED from AndroidManifest.xml:7:5
MERGED from com.android.support:support-v4:20.0.0:16:5
	android:targetSdkVersion
		ADDED from AndroidManifest.xml:9:9
		INJECTED from AndroidManifest.xml:0:0
		INJECTED from AndroidManifest.xml:0:0
	android:minSdkVersion
		ADDED from AndroidManifest.xml:8:9
		INJECTED from AndroidManifest.xml:0:0
		INJECTED from AndroidManifest.xml:0:0
uses-permission#android.permission.ACCESS_NETWORK_STATE
ADDED from AndroidManifest.xml:11:5
	android:name
		ADDED from AndroidManifest.xml:11:22
uses-permission#android.permission.INTERNET
ADDED from AndroidManifest.xml:12:5
	android:name
		ADDED from AndroidManifest.xml:12:22
uses-permission#android.permission.ACCESS_WIFI_STATE
ADDED from AndroidManifest.xml:13:5
	android:name
		ADDED from AndroidManifest.xml:13:22
uses-permission#android.permission.CHANGE_WIFI_STATE
ADDED from AndroidManifest.xml:14:5
	android:name
		ADDED from AndroidManifest.xml:14:22
uses-permission#android.permission.CALL_PHONE
ADDED from AndroidManifest.xml:15:5
	android:name
		ADDED from AndroidManifest.xml:15:22
compatible-screens
ADDED from AndroidManifest.xml:17:5
screen#small+ldpi
ADDED from AndroidManifest.xml:20:9
	android:screenDensity
		ADDED from AndroidManifest.xml:21:13
	android:screenSize
		ADDED from AndroidManifest.xml:22:13
screen#small+mdpi
ADDED from AndroidManifest.xml:23:9
	android:screenDensity
		ADDED from AndroidManifest.xml:24:13
	android:screenSize
		ADDED from AndroidManifest.xml:25:13
screen#small+hdpi
ADDED from AndroidManifest.xml:26:9
	android:screenDensity
		ADDED from AndroidManifest.xml:27:13
	android:screenSize
		ADDED from AndroidManifest.xml:28:13
screen#small+xhdpi
ADDED from AndroidManifest.xml:29:9
	android:screenDensity
		ADDED from AndroidManifest.xml:30:13
	android:screenSize
		ADDED from AndroidManifest.xml:31:13
screen#normal+ldpi
ADDED from AndroidManifest.xml:33:9
	android:screenDensity
		ADDED from AndroidManifest.xml:34:13
	android:screenSize
		ADDED from AndroidManifest.xml:35:13
screen#normal+mdpi
ADDED from AndroidManifest.xml:36:9
	android:screenDensity
		ADDED from AndroidManifest.xml:37:13
	android:screenSize
		ADDED from AndroidManifest.xml:38:13
screen#normal+hdpi
ADDED from AndroidManifest.xml:39:9
	android:screenDensity
		ADDED from AndroidManifest.xml:40:13
	android:screenSize
		ADDED from AndroidManifest.xml:41:13
screen#normal+xhdpi
ADDED from AndroidManifest.xml:42:9
	android:screenDensity
		ADDED from AndroidManifest.xml:43:13
	android:screenSize
		ADDED from AndroidManifest.xml:44:13
screen#xlarge+ldpi
ADDED from AndroidManifest.xml:46:9
	android:screenDensity
		ADDED from AndroidManifest.xml:47:13
	android:screenSize
		ADDED from AndroidManifest.xml:48:13
screen#xlarge+mdpi
ADDED from AndroidManifest.xml:49:9
	android:screenDensity
		ADDED from AndroidManifest.xml:50:13
	android:screenSize
		ADDED from AndroidManifest.xml:51:13
screen#xlarge+hdpi
ADDED from AndroidManifest.xml:52:9
	android:screenDensity
		ADDED from AndroidManifest.xml:53:13
	android:screenSize
		ADDED from AndroidManifest.xml:54:13
screen#xlarge+xhdpi
ADDED from AndroidManifest.xml:55:9
	android:screenDensity
		ADDED from AndroidManifest.xml:56:13
	android:screenSize
		ADDED from AndroidManifest.xml:57:13
screen#large+xhdpi
ADDED from AndroidManifest.xml:60:9
	android:screenDensity
		ADDED from AndroidManifest.xml:61:13
	android:screenSize
		ADDED from AndroidManifest.xml:62:13
screen#normal+480
ADDED from AndroidManifest.xml:63:9
	android:screenDensity
		ADDED from AndroidManifest.xml:64:13
	android:screenSize
		ADDED from AndroidManifest.xml:65:13
screen#xlarge+480
ADDED from AndroidManifest.xml:69:9
	android:screenDensity
		ADDED from AndroidManifest.xml:70:13
	android:screenSize
		ADDED from AndroidManifest.xml:71:13
application
ADDED from AndroidManifest.xml:75:5
MERGED from com.android.support:support-v4:20.0.0:17:5
	android:label
		ADDED from AndroidManifest.xml:79:9
	android:hardwareAccelerated
		ADDED from AndroidManifest.xml:77:9
	android:testOnly
		ADDED from AndroidManifest.xml:81:9
	android:allowBackup
		ADDED from AndroidManifest.xml:76:9
	android:icon
		ADDED from AndroidManifest.xml:78:9
	android:theme
		ADDED from AndroidManifest.xml:82:9
	android:logo
		ADDED from AndroidManifest.xml:80:9
activity#com.nikhilparanjape.parksandrec.MainScreenActivity
ADDED from AndroidManifest.xml:83:9
	android:screenOrientation
		ADDED from AndroidManifest.xml:87:13
	android:label
		ADDED from AndroidManifest.xml:85:13
	android:theme
		ADDED from AndroidManifest.xml:86:13
	android:name
		ADDED from AndroidManifest.xml:84:13
intent-filter#android.intent.action.MAIN+android.intent.category.LAUNCHER
ADDED from AndroidManifest.xml:89:13
action#android.intent.action.MAIN
ADDED from AndroidManifest.xml:90:17
	android:name
		ADDED from AndroidManifest.xml:90:25
category#android.intent.category.LAUNCHER
ADDED from AndroidManifest.xml:92:17
	android:name
		ADDED from AndroidManifest.xml:92:27
activity#com.nikhilparanjape.parksandrec.SchedulePage
ADDED from AndroidManifest.xml:95:9
	android:name
		ADDED from AndroidManifest.xml:95:19
activity#com.nikhilparanjape.parksandrec.NoInternetConnection
ADDED from AndroidManifest.xml:97:9
	android:name
		ADDED from AndroidManifest.xml:97:19
activity#com.nikhilparanjape.parksandrec.SettingsPage
ADDED from AndroidManifest.xml:99:9
	android:name
		ADDED from AndroidManifest.xml:99:19
activity#com.nikhilparanjape.parksandrec.pandrSettings
ADDED from AndroidManifest.xml:100:9
	android:name
		ADDED from AndroidManifest.xml:100:19
activity#com.nikhilparanjape.parksandrec.AgendaPage
ADDED from AndroidManifest.xml:101:9
	android:name
		ADDED from AndroidManifest.xml:101:19
activity#com.nikhilparanjape.parksandrec.wifiState
ADDED from AndroidManifest.xml:102:9
	android:name
		ADDED from AndroidManifest.xml:102:19